2025-11-21 11:40:38 - INFO - 开始执行任务
2025-11-21 11:40:38 - INFO - 正在打开控制台网页...
2025-11-21 11:40:43 - INFO - 已在控制台页面，无需登录
2025-11-21 11:40:43 - INFO - 正在进入序时账查询页面...
2025-11-21 11:40:49 - INFO - 本次需要执行 2 段查询
2025-11-21 11:40:49 - INFO - 开始第 1 段查询：2024-12-21 至 2024-12-31
2025-11-21 11:40:49 - INFO - 正在筛选账簿列表...
2025-11-21 11:41:04 - INFO - 正在筛选会计科目...
2025-11-21 11:41:15 - INFO - 查询完成，正在导出 Excel...
2025-11-21 11:41:15 - INFO - [wait_loading] 等待加载控件消失...
2025-11-21 11:41:19 - INFO - [wait_loading] 加载完成
2025-11-21 11:41:19 - INFO - 正在导出序时账为 Excel ...
2025-11-21 11:41:24 - INFO - [wait_appear_strict] 开始等待控件出现...
2025-11-21 11:41:41 - ERROR - 导出序时账失败：cannot access local variable 'last_logged' where it is not associated with a value
2025-11-21 11:41:41 - ERROR - 任务失败：cannot access local variable 'last_logged' where it is not associated with a value

2025-11-21 11:43:50 - INFO - 开始执行任务
2025-11-21 11:43:50 - INFO - 正在打开控制台网页...
2025-11-21 11:43:55 - INFO - 已在控制台页面，无需登录
2025-11-21 11:43:55 - INFO - 正在进入序时账查询页面...
2025-11-21 11:44:01 - INFO - 本次需要执行 2 段查询
2025-11-21 11:44:01 - INFO - 开始第 1 段查询：2024-12-21 至 2024-12-31
2025-11-21 11:44:01 - INFO - 正在筛选账簿列表...
2025-11-21 11:44:16 - INFO - 正在筛选会计科目...
2025-11-21 11:44:27 - INFO - 查询完成，正在导出 Excel...
2025-11-21 11:44:27 - INFO - [wait_loading] 等待加载控件消失...
2025-11-21 11:44:30 - INFO - [wait_loading] 加载完成
2025-11-21 11:44:30 - INFO - 正在导出序时账为 Excel ...
2025-11-21 11:44:34 - INFO - [wait_appear_strict] 开始等待控件出现...
2025-11-21 11:44:52 - INFO - [wait_appear_strict] 等待中... 已等待 15s
2025-11-21 11:45:02 - INFO - [wait_appear_strict] 控件已出现
2025-11-21 11:45:07 - INFO - Excel 已成功保存到：D:\下载\序时帐导出_Excel\序时账_20251121_114434.xlsx
2025-11-21 11:45:07 - INFO - 第 1 段导出完成
2025-11-21 11:45:07 - INFO - 刷新等待 6 秒...
2025-11-21 11:45:14 - INFO - 开始第 2 段查询：2025-01-01 至 2025-01-10
2025-11-21 11:45:14 - INFO - 正在筛选账簿列表...
2025-11-21 11:45:29 - INFO - 正在筛选会计科目...
2025-11-21 11:45:40 - INFO - 查询完成，正在导出 Excel...
2025-11-21 11:45:40 - INFO - [wait_loading] 等待加载控件消失...
2025-11-21 11:45:42 - INFO - [wait_loading] 加载完成
2025-11-21 11:45:42 - INFO - 正在导出序时账为 Excel ...
2025-11-21 11:45:47 - INFO - [wait_appear_strict] 开始等待控件出现...
2025-11-21 11:45:54 - INFO - [wait_appear_strict] 控件已出现
2025-11-21 11:45:59 - INFO - Excel 已成功保存到：D:\下载\序时帐导出_Excel\序时账_20251121_114547.xlsx
2025-11-21 11:45:59 - INFO - 第 2 段导出完成
2025-11-21 11:45:59 - INFO - 所有查询与导出已完成。
2025-11-21 11:45:59 - INFO - 浏览器将在 5 秒后关闭...
2025-11-21 11:46:00 - INFO - 浏览器将在 4 秒后关闭...
2025-11-21 11:46:01 - INFO - 浏览器将在 3 秒后关闭...
2025-11-21 11:46:02 - INFO - 浏览器将在 2 秒后关闭...
2025-11-21 11:46:03 - INFO - 浏览器将在 1 秒后关闭...
2025-11-21 11:46:04 - INFO - 浏览器已关闭。
2025-11-21 11:46:04 - INFO - 任务执行完成！
2025-11-21 11:51:53 - INFO - 开始执行任务
2025-11-21 11:51:53 - INFO - 正在打开控制台网页...
2025-11-21 11:51:58 - INFO - 已在控制台页面，无需登录
2025-11-21 11:51:58 - INFO - 正在进入序时账查询页面...
2025-11-21 11:52:04 - INFO - 本次需要执行 2 段查询
2025-11-21 11:52:04 - INFO - 开始第 1 段查询：2024-11-11 至 2024-12-31
2025-11-21 11:52:04 - INFO - 正在筛选账簿列表...
2025-11-21 11:52:19 - INFO - 正在筛选会计科目...
2025-11-21 11:52:29 - INFO - 查询完成，正在导出 Excel...
2025-11-21 11:52:29 - INFO - [wait_loading] 等待加载控件消失...
2025-11-21 11:52:33 - INFO - [wait_loading] 加载中... 已等待 3s
2025-11-21 11:52:36 - INFO - [wait_loading] 加载中... 已等待 6s
2025-11-21 11:52:37 - INFO - [wait_loading] 加载完成
2025-11-21 11:52:37 - INFO - 正在导出序时账为 Excel ...
2025-11-21 11:52:41 - INFO - [wait_appear_strict] 开始等待控件出现...
2025-11-21 11:52:59 - INFO - [wait_appear_strict] 等待中... 已等待 15s
2025-11-21 11:53:28 - INFO - [wait_appear_strict] 等待中... 已等待 45s
2025-11-21 11:53:58 - INFO - [wait_appear_strict] 等待中... 已等待 75s
2025-11-21 11:54:05 - INFO - [wait_appear_strict] 控件已出现
2025-11-21 11:54:10 - INFO - Excel 已成功保存到：D:\下载\序时帐导出_Excel\序时账_20251121_115241.xlsx
2025-11-21 11:54:10 - INFO - 第 1 段导出完成
2025-11-21 11:54:10 - INFO - 刷新等待 6 秒...
2025-11-21 11:54:17 - INFO - 开始第 2 段查询：2025-01-01 至 2025-01-10
2025-11-21 11:54:17 - INFO - 正在筛选账簿列表...
2025-11-21 11:54:32 - INFO - 正在筛选会计科目...
2025-11-21 11:54:43 - INFO - 查询完成，正在导出 Excel...
2025-11-21 11:54:43 - INFO - [wait_loading] 等待加载控件消失...
2025-11-21 11:54:45 - INFO - [wait_loading] 加载完成
2025-11-21 11:54:45 - INFO - 正在导出序时账为 Excel ...
2025-11-21 11:54:49 - INFO - [wait_appear_strict] 开始等待控件出现...
2025-11-21 11:54:56 - INFO - [wait_appear_strict] 控件已出现
2025-11-21 11:55:02 - INFO - Excel 已成功保存到：D:\下载\序时帐导出_Excel\序时账_20251121_115449.xlsx
2025-11-21 11:55:02 - INFO - 第 2 段导出完成
2025-11-21 11:55:02 - INFO - 所有查询与导出已完成。
2025-11-21 11:55:02 - INFO - 浏览器将在 5 秒后关闭...
2025-11-21 11:55:07 - INFO - 浏览器已关闭。
2025-11-21 11:55:07 - INFO - 任务执行完成！
2025-11-21 12:07:22 - INFO - 
2025-11-21 12:07:22 - INFO - 开始执行任务
2025-11-21 12:07:22 - INFO - 正在打开控制台网页...
2025-11-21 12:07:27 - INFO - 已在控制台页面，无需登录
2025-11-21 12:07:27 - INFO - 正在进入序时账查询页面...
2025-11-21 12:07:33 - INFO - 本次需要执行 2 段查询
2025-11-21 12:07:33 - INFO - 开始第 1 段查询：2024-11-11 至 2024-12-31
2025-11-21 12:07:33 - INFO - 正在筛选账簿列表...
2025-11-21 12:07:48 - INFO - 正在筛选会计科目...
2025-11-21 12:07:59 - INFO - 查询完成，正在导出 Excel...
2025-11-21 12:07:59 - INFO - [wait_loading] 等待加载控件消失...
2025-11-21 12:08:02 - INFO - [wait_loading] 加载中... 已等待 3s
2025-11-21 12:08:04 - INFO - [wait_loading] 加载完成
2025-11-21 12:08:04 - INFO - 正在导出序时账为 Excel ...
2025-11-21 12:08:09 - INFO - [wait_appear_strict] 开始等待控件出现：download.window_另存为
2025-11-21 12:08:26 - INFO - [wait_appear_strict] 等待中... 已等待 15s
2025-11-21 12:08:42 - INFO - [wait_appear_strict] 等待中... 已等待 31s
2025-11-21 12:08:57 - INFO - [wait_appear_strict] 等待中... 已等待 47s
2025-11-21 12:09:13 - INFO - [wait_appear_strict] 等待中... 已等待 62s
2025-11-21 12:09:27 - INFO - [wait_appear_strict] 等待中... 已等待 77s
2025-11-21 12:09:32 - INFO - [wait_appear_strict] 控件已出现
2025-11-21 12:09:38 - INFO - Excel 已成功保存到：D:\下载\序时帐导出_Excel\序时账_20251121_120809.xlsx
2025-11-21 12:09:38 - INFO - 第 1 段导出完成
2025-11-21 12:09:38 - INFO - 刷新等待 6 秒...
2025-11-21 12:09:45 - INFO - 开始第 2 段查询：2025-01-01 至 2025-01-10
2025-11-21 12:09:45 - INFO - 正在筛选账簿列表...
2025-11-21 12:09:59 - INFO - 正在筛选会计科目...
2025-11-21 12:10:10 - INFO - 查询完成，正在导出 Excel...
2025-11-21 12:10:10 - INFO - [wait_loading] 等待加载控件消失...
2025-11-21 12:10:12 - INFO - [wait_loading] 加载完成
2025-11-21 12:10:12 - INFO - 正在导出序时账为 Excel ...
2025-11-21 12:10:17 - INFO - [wait_appear_strict] 开始等待控件出现：download.window_另存为
2025-11-21 12:10:24 - INFO - [wait_appear_strict] 控件已出现
2025-11-21 12:10:29 - INFO - Excel 已成功保存到：D:\下载\序时帐导出_Excel\序时账_20251121_121017.xlsx
2025-11-21 12:10:29 - INFO - 第 2 段导出完成
2025-11-21 12:10:29 - INFO - 所有查询与导出已完成。
2025-11-21 12:10:29 - INFO - 浏览器将在 5 秒后关闭...
2025-11-21 12:10:35 - INFO - 浏览器已关闭。
2025-11-21 12:10:35 - INFO - 任务执行完成！
2025-11-21 12:18:47 - INFO - 
2025-11-21 12:18:47 - INFO - 开始执行任务
2025-11-21 12:18:47 - INFO - 正在打开控制台网页...
2025-11-21 12:18:52 - INFO - 已在控制台页面，无需登录
2025-11-21 12:18:52 - INFO - 正在进入序时账查询页面...
2025-11-21 12:18:58 - INFO - 本次需要执行 2 段查询
2025-11-21 12:18:58 - INFO - 开始第 1 段查询：2024-11-11 至 2024-12-31
2025-11-21 12:18:58 - INFO - 正在筛选账簿列表...
2025-11-21 12:19:13 - INFO - 正在筛选会计科目...
2025-11-21 12:19:24 - INFO - 查询完成，正在导出 Excel...
2025-11-21 12:19:24 - INFO - [wait_loading] 等待加载控件消失...
2025-11-21 12:19:27 - INFO - [wait_loading] 加载中... 已等待 3s
2025-11-21 12:19:29 - INFO - [wait_loading] 加载完成
2025-11-21 12:19:29 - INFO - 正在导出序时账为 Excel ...
2025-11-21 12:19:33 - INFO - [wait_appear_strict] 开始等待控件出现：download.window_另存为
2025-11-21 12:19:51 - INFO - [wait_appear_strict] 等待中... 已等待 15s
2025-11-21 12:20:06 - INFO - [wait_appear_strict] 等待中... 已等待 31s
2025-11-21 12:20:21 - INFO - [wait_appear_strict] 等待中... 已等待 45s
2025-11-21 12:20:36 - INFO - [wait_appear_strict] 等待中... 已等待 61s
2025-11-21 12:20:50 - INFO - [wait_appear_strict] 等待中... 已等待 75s
2025-11-21 12:20:56 - INFO - [wait_appear_strict] 控件已出现
2025-11-21 12:21:01 - INFO - Excel 已成功保存到：D:\下载\序时帐导出_Excel\序时账_20251121_121933.xlsx
2025-11-21 12:21:01 - INFO - 第 1 段导出完成
2025-11-21 12:21:01 - INFO - 刷新等待 6 秒...
2025-11-21 12:21:08 - INFO - 开始第 2 段查询：2025-01-01 至 2025-01-10
2025-11-21 12:21:08 - INFO - 正在筛选账簿列表...
2025-11-21 12:21:23 - INFO - 正在筛选会计科目...
2025-11-21 12:21:33 - INFO - 查询完成，正在导出 Excel...
2025-11-21 12:21:33 - INFO - [wait_loading] 等待加载控件消失...
2025-11-21 12:21:35 - INFO - [wait_loading] 加载完成
2025-11-21 12:21:35 - INFO - 正在导出序时账为 Excel ...
2025-11-21 12:21:40 - INFO - [wait_appear_strict] 开始等待控件出现：download.window_另存为
2025-11-21 12:21:47 - INFO - [wait_appear_strict] 控件已出现
2025-11-21 12:21:53 - INFO - Excel 已成功保存到：D:\下载\序时帐导出_Excel\序时账_20251121_122140.xlsx
2025-11-21 12:21:53 - INFO - 第 2 段导出完成
2025-11-21 12:21:53 - INFO - 所有查询与导出已完成。
2025-11-21 12:21:53 - INFO - 浏览器将在 5 秒后关闭...
2025-11-21 12:21:58 - INFO - 浏览器已关闭。
2025-11-21 12:21:58 - INFO - 任务执行完成！
2025-11-21 12:23:54 - INFO - 
2025-11-21 12:23:54 - INFO - 开始执行任务
2025-11-21 12:23:54 - INFO - 正在打开控制台网页...
2025-11-21 12:24:01 - INFO - 
2025-11-21 12:24:01 - INFO - 开始执行任务
2025-11-21 12:24:01 - INFO - 正在打开控制台网页...
2025-11-21 12:24:06 - INFO - 已在控制台页面，无需登录
2025-11-21 12:24:06 - INFO - 正在进入序时账查询页面...
2025-11-21 12:24:12 - INFO - 本次需要执行 1 段查询
2025-11-21 12:24:12 - INFO - 开始第 1 段查询：2025-09-22 至 2025-11-21
2025-11-21 12:24:12 - INFO - 正在筛选账簿列表...
2025-11-21 12:24:27 - INFO - 正在筛选会计科目...
2025-11-21 12:24:38 - INFO - 查询完成，正在导出 Excel...
2025-11-21 12:24:38 - INFO - [wait_loading] 等待加载控件消失...
2025-11-21 12:24:41 - INFO - [wait_loading] 加载中... 已等待 3s
2025-11-21 12:24:44 - INFO - [wait_loading] 加载中... 已等待 6s
2025-11-21 12:24:47 - INFO - [wait_loading] 加载中... 已等待 9s
2025-11-21 12:24:49 - INFO - [wait_loading] 加载完成
2025-11-21 12:24:49 - INFO - 正在导出序时账为 Excel ...
2025-11-21 12:24:54 - INFO - [wait_appear_strict] 开始等待控件出现...
2025-11-21 12:25:11 - INFO - [wait_appear_strict] 等待中... 已等待 15s
2025-11-21 12:25:27 - INFO - [wait_appear_strict] 等待中... 已等待 31s
2025-11-21 12:25:41 - INFO - [wait_appear_strict] 等待中... 已等待 45s
2025-11-21 12:25:57 - INFO - [wait_appear_strict] 等待中... 已等待 61s
2025-11-21 12:26:11 - INFO - [wait_appear_strict] 等待中... 已等待 75s
2025-11-21 12:26:26 - INFO - [wait_appear_strict] 等待中... 已等待 91s
2025-11-21 12:26:30 - INFO - [wait_appear_strict] 控件已出现
2025-11-21 12:26:36 - INFO - Excel 已成功保存到：D:\下载\序时帐导出_Excel\序时账_20251121_122454.xlsx
2025-11-21 12:26:36 - INFO - 第 1 段导出完成
2025-11-21 12:26:36 - INFO - 所有查询与导出已完成。
2025-11-21 12:26:36 - INFO - 浏览器将在 5 秒后关闭...
2025-11-21 12:26:41 - INFO - 浏览器已关闭。
2025-11-21 12:26:41 - INFO - 任务执行完成！
