2025-11-26 10:15:38 - INFO - ==========【run】开始==========
2025-11-26 10:15:38 - INFO - 正在打开控制台网页...
2025-11-26 10:15:44 - INFO - 正在进行登录...
2025-11-26 10:15:49 - INFO - [wait_loading] 等待加载控件消失...
2025-11-26 10:15:50 - INFO - [wait_loading] 加载完成
2025-11-26 10:15:50 - INFO - 登录成功！
2025-11-26 10:15:50 - INFO - 正在进入序时账查询页面...
2025-11-26 10:15:54 - INFO - 本次需要执行 1 段查询
2025-11-26 10:15:54 - INFO - 开始第 1 段查询：2025-11-01 至 2025-11-26
2025-11-26 10:15:59 - INFO - 正在筛选账簿列表...
2025-11-26 10:16:07 - INFO - 正在填写查找日期范围...
2025-11-26 10:16:13 - INFO - 正在筛选会计科目...
2025-11-26 10:16:23 - INFO - 正在选择币种...
2025-11-26 10:16:26 - INFO - 正在提交查询...
2025-11-26 10:16:27 - INFO - 查询完成，正在导出 Excel...
2025-11-26 10:16:27 - INFO - [wait_loading] 等待加载控件消失...
2025-11-26 10:16:30 - INFO - [wait_loading] 加载中... 已等待 3s
2025-11-26 10:16:33 - INFO - [wait_loading] 加载中... 已等待 6s
2025-11-26 10:16:36 - INFO - [wait_loading] 加载中... 已等待 9s
2025-11-26 10:16:40 - INFO - [wait_loading] 加载完成
2025-11-26 10:16:40 - INFO - 正在导出序时账为 Excel ...
2025-11-26 10:16:45 - INFO - [wait_appear_strict] 开始等待控件出现...
2025-11-26 10:16:58 - INFO - [wait_appear_strict] 控件已出现
2025-11-26 10:17:05 - INFO - Excel 已成功保存到：D:\qcyq\很久以前\20251126101538\20251126101645.xlsx
2025-11-26 10:17:05 - INFO - 第 1 段导出完成
2025-11-26 10:17:05 - INFO - 所有查询与导出已完成。
2025-11-26 10:17:05 - INFO - 浏览器将在 5 秒后关闭...
2025-11-26 10:17:10 - INFO - 浏览器已关闭。
2025-11-26 10:17:10 - INFO - ==========【run】结束（耗时 92.47s）==========
2025-11-26 10:18:54 - INFO - ==========【run】开始==========
2025-11-26 10:18:54 - INFO - 正在打开控制台网页...
2025-11-26 10:18:59 - INFO - 已在控制台页面，无需登录
2025-11-26 10:18:59 - INFO - 正在进入序时账查询页面...
2025-11-26 10:19:02 - INFO - 本次需要执行 2 段查询
2025-11-26 10:19:02 - INFO - 开始第 1 段查询：2024-12-21 至 2024-12-31
2025-11-26 10:19:07 - INFO - 正在筛选账簿列表...
2025-11-26 10:19:15 - INFO - 正在填写查找日期范围...
2025-11-26 10:19:22 - INFO - 正在筛选会计科目...
2025-11-26 10:19:31 - INFO - 正在选择币种...
2025-11-26 10:19:34 - INFO - 正在提交查询...
2025-11-26 10:19:36 - INFO - 查询完成，正在导出 Excel...
2025-11-26 10:19:36 - INFO - [wait_loading] 等待加载控件消失...
2025-11-26 10:19:39 - INFO - [wait_loading] 加载中... 已等待 3s
2025-11-26 10:19:42 - INFO - [wait_loading] 加载中... 已等待 6s
2025-11-26 10:19:42 - INFO - [wait_loading] 加载完成
2025-11-26 10:19:42 - INFO - 正在导出序时账为 Excel ...
2025-11-26 10:19:47 - INFO - [wait_appear_strict] 开始等待控件出现...
2025-11-26 10:20:05 - INFO - [wait_appear_strict] 等待中... 已等待 15s
2025-11-26 10:20:16 - INFO - [wait_appear_strict] 控件已出现
2025-11-26 10:20:26 - INFO - Excel 已成功保存到：D:\qcyq\很久以前\20251126101854\20251126101947.xlsx
2025-11-26 10:20:26 - INFO - 第 1 段导出完成
2025-11-26 10:20:26 - INFO - 刷新等待 6 秒...
2025-11-26 10:20:33 - INFO - 开始第 2 段查询：2025-01-01 至 2025-01-10
2025-11-26 10:20:38 - INFO - 正在筛选账簿列表...
2025-11-26 10:20:46 - INFO - 正在填写查找日期范围...
2025-11-26 10:20:52 - INFO - 正在筛选会计科目...
2025-11-26 10:21:01 - INFO - 正在选择币种...
2025-11-26 10:21:05 - INFO - 正在提交查询...
2025-11-26 10:21:06 - INFO - 查询完成，正在导出 Excel...
2025-11-26 10:21:06 - INFO - [wait_loading] 等待加载控件消失...
2025-11-26 10:21:09 - INFO - [wait_loading] 加载完成
2025-11-26 10:21:09 - INFO - 正在导出序时账为 Excel ...
2025-11-26 10:21:13 - INFO - [wait_appear_strict] 开始等待控件出现...
2025-11-26 10:21:22 - INFO - [wait_appear_strict] 控件已出现
2025-11-26 10:21:29 - INFO - Excel 已成功保存到：D:\qcyq\很久以前\20251126101854\20251126102113.xlsx
2025-11-26 10:21:29 - INFO - 第 2 段导出完成
2025-11-26 10:21:29 - INFO - 所有查询与导出已完成。
2025-11-26 10:21:29 - INFO - 浏览器将在 5 秒后关闭...
2025-11-26 10:21:34 - INFO - 浏览器已关闭。
2025-11-26 10:21:34 - INFO - ==========【run】结束（耗时 160.56s）==========
2025-11-26 13:21:04 - INFO - ==========【run】开始==========
2025-11-26 13:21:04 - INFO - 正在打开控制台网页...
2025-11-26 13:21:10 - INFO - 正在进行登录...
2025-11-26 13:21:16 - INFO - [wait_loading] 等待加载控件消失...
2025-11-26 13:21:18 - INFO - [wait_loading] 加载完成
2025-11-26 13:21:18 - INFO - 登录成功！
2025-11-26 13:21:18 - INFO - 正在进入序时账查询页面...
2025-11-26 13:21:21 - INFO - 本次需要执行 2 段查询
2025-11-26 13:21:21 - INFO - 开始第 1 段查询：2024-12-21 至 2024-12-31
2025-11-26 13:21:26 - INFO - 正在筛选账簿列表...
2025-11-26 13:21:34 - INFO - 正在填写查找日期范围...
2025-11-26 13:21:40 - INFO - 正在筛选会计科目...
2025-11-26 13:21:50 - INFO - 正在选择币种...
2025-11-26 13:21:53 - INFO - 正在提交查询...
2025-11-26 13:21:54 - INFO - 查询完成，正在导出 Excel...
2025-11-26 13:21:54 - INFO - [wait_loading] 等待加载控件消失...
2025-11-26 13:21:57 - INFO - [wait_loading] 加载中... 已等待 3s
2025-11-26 13:22:00 - INFO - [wait_loading] 加载中... 已等待 6s
2025-11-26 13:22:03 - INFO - [wait_loading] 加载中... 已等待 9s
2025-11-26 13:22:06 - INFO - [wait_loading] 加载中... 已等待 12s
2025-11-26 13:22:08 - INFO - [wait_loading] 加载完成
2025-11-26 13:22:08 - INFO - 正在导出序时账为 Excel ...
2025-11-26 13:22:13 - INFO - [wait_appear_strict] 开始等待控件出现...
2025-11-26 13:22:30 - INFO - [wait_appear_strict] 等待中... 已等待 15s
2025-11-26 13:22:42 - INFO - [wait_appear_strict] 控件已出现
2025-11-26 13:22:51 - INFO - Excel 已成功保存到：D:\qcyq\很久以前\20251126132104\20251126132213.xlsx
2025-11-26 13:22:51 - INFO - 第 1 段导出完成
2025-11-26 13:22:51 - INFO - 刷新等待 6 秒...
2025-11-26 13:22:58 - INFO - 开始第 2 段查询：2025-01-01 至 2025-01-10
2025-11-26 13:23:03 - INFO - 正在筛选账簿列表...
2025-11-26 13:23:11 - INFO - 正在填写查找日期范围...
2025-11-26 13:23:17 - INFO - 正在筛选会计科目...
2025-11-26 13:23:26 - INFO - 正在选择币种...
2025-11-26 13:23:29 - INFO - 正在提交查询...
2025-11-26 13:23:31 - INFO - 查询完成，正在导出 Excel...
2025-11-26 13:23:31 - INFO - [wait_loading] 等待加载控件消失...
2025-11-26 13:23:33 - INFO - [wait_loading] 加载完成
2025-11-26 13:23:33 - INFO - 正在导出序时账为 Excel ...
2025-11-26 13:23:38 - INFO - [wait_appear_strict] 开始等待控件出现...
2025-11-26 13:23:45 - INFO - [wait_appear_strict] 控件已出现
2025-11-26 13:23:53 - INFO - Excel 已成功保存到：D:\qcyq\很久以前\20251126132104\20251126132338.xlsx
2025-11-26 13:23:53 - INFO - 第 2 段导出完成
2025-11-26 13:23:53 - INFO - 所有查询与导出已完成。
2025-11-26 13:23:53 - INFO - 浏览器将在 5 秒后关闭...
2025-11-26 13:23:58 - INFO - 浏览器已关闭。
2025-11-26 13:24:44 - INFO - 所有 Excel 已入库完成
2025-11-26 13:24:44 - INFO - ==========【run】结束（耗时 219.51s）==========
2025-11-26 13:30:01 - INFO - ==========【run】开始==========
2025-11-26 13:30:01 - INFO - 正在打开控制台网页...
2025-11-26 13:30:06 - INFO - 已在控制台页面，无需登录
2025-11-26 13:30:06 - INFO - 正在进入序时账查询页面...
2025-11-26 13:30:09 - INFO - 本次需要执行 1 段查询
2025-11-26 13:30:09 - INFO - 开始第 1 段查询：2025-11-01 至 2025-11-26
2025-11-26 13:30:14 - INFO - 正在筛选账簿列表...
2025-11-26 13:30:22 - INFO - 正在填写查找日期范围...
2025-11-26 13:30:28 - INFO - 正在筛选会计科目...
2025-11-26 13:30:38 - INFO - 正在选择币种...
2025-11-26 13:30:41 - INFO - 正在提交查询...
2025-11-26 13:30:42 - INFO - 查询完成，正在导出 Excel...
2025-11-26 13:30:42 - INFO - [wait_loading] 等待加载控件消失...
2025-11-26 13:30:45 - INFO - [wait_loading] 加载完成
2025-11-26 13:30:45 - INFO - 正在导出序时账为 Excel ...
2025-11-26 13:30:50 - INFO - [wait_appear_strict] 开始等待控件出现...
2025-11-26 13:31:05 - INFO - [wait_appear_strict] 控件已出现
2025-11-26 13:31:12 - INFO - Excel 已成功保存到：D:\qcyq\很久以前\20251126133001\20251126133050.xlsx
2025-11-26 13:31:12 - INFO - 第 1 段导出完成
2025-11-26 13:31:12 - INFO - 所有查询与导出已完成。
2025-11-26 13:31:12 - INFO - 浏览器将在 5 秒后关闭...
2025-11-26 13:31:17 - INFO - 浏览器已关闭。
2025-11-26 13:31:28 - INFO - 所有 Excel 已入库完成
2025-11-26 13:31:28 - INFO - ==========【run】结束（耗时 87.45s）==========
