2025-12-04 13:51:00 - INFO - ==========【main】开始==========
2025-12-04 13:51:02 - INFO - 录屏已启动: D:\qcyq\很久以前\Videos\20251204135100.mp4
2025-12-04 13:51:02 - INFO - 正在打开控制台网页...
2025-12-04 13:51:10 - INFO - 正在进行登录...
2025-12-04 13:51:17 - INFO - [wait_loading] 等待加载控件消失...
2025-12-04 13:51:18 - INFO - [wait_loading] 加载完成
2025-12-04 13:51:18 - INFO - 登录成功！
2025-12-04 13:51:18 - INFO - 正在进入序时账查询页面...
2025-12-04 13:51:22 - INFO - 本次需要执行 1 段查询
2025-12-04 13:51:22 - INFO - 开始第 1 段查询：2025-11-01 至 2025-12-04
2025-12-04 13:51:27 - INFO - 正在筛选账簿列表...
2025-12-04 13:51:35 - INFO - 正在填写查找日期范围...
2025-12-04 13:51:41 - INFO - 正在筛选会计科目...
2025-12-04 14:08:08 - INFO - ==========【main】开始==========
2025-12-04 14:08:08 - INFO - 录屏已启动: D:\qcyq\很久以前\Videos\20251204140808.mp4
2025-12-04 14:08:08 - INFO - 正在打开控制台网页...
2025-12-04 14:08:16 - INFO - 正在进行登录...
2025-12-04 14:08:23 - INFO - [wait_loading] 等待加载控件消失...
2025-12-04 14:08:24 - INFO - [wait_loading] 加载完成
2025-12-04 14:08:24 - INFO - 登录成功！
2025-12-04 14:08:24 - INFO - 正在进入序时账查询页面...
2025-12-04 14:08:28 - INFO - 本次需要执行 1 段查询
2025-12-04 14:08:28 - INFO - 开始第 1 段查询：2025-11-01 至 2025-12-04
2025-12-04 14:08:33 - INFO - 正在筛选账簿列表...
2025-12-04 14:08:42 - INFO - 正在填写查找日期范围...
2025-12-04 14:08:48 - INFO - 正在筛选会计科目...
2025-12-04 14:08:57 - INFO - 正在勾选凭证状态...
2025-12-04 14:09:03 - INFO - 正在选择币种...
2025-12-04 14:09:07 - INFO - 正在提交查询...
2025-12-04 14:09:08 - INFO - 查询完成，正在导出 Excel...
2025-12-04 14:09:08 - INFO - [wait_loading] 等待加载控件消失...
2025-12-04 14:10:47 - INFO - ==========【main】开始==========
2025-12-04 14:10:47 - INFO - 录屏已启动: D:\qcyq\很久以前\Videos\20251204141047.mp4
2025-12-04 14:10:47 - INFO - 正在打开控制台网页...
2025-12-04 14:10:55 - INFO - 正在进行登录...
2025-12-04 14:11:02 - INFO - [wait_loading] 等待加载控件消失...
2025-12-04 14:11:03 - INFO - [wait_loading] 加载完成
2025-12-04 14:11:03 - INFO - 登录成功！
2025-12-04 14:11:03 - INFO - 正在进入序时账查询页面...
2025-12-04 14:11:07 - INFO - 本次需要执行 1 段查询
2025-12-04 14:11:07 - INFO - 开始第 1 段查询：2025-11-01 至 2025-12-04
2025-12-04 14:11:12 - INFO - 正在筛选账簿列表...
2025-12-04 14:11:20 - INFO - 正在填写查找日期范围...
2025-12-04 14:11:27 - INFO - 正在筛选会计科目...
2025-12-04 14:11:33 - INFO - 正在勾选凭证状态...
2025-12-04 14:11:41 - INFO - 正在选择币种...
2025-12-04 14:11:45 - INFO - 正在提交查询...
2025-12-04 14:11:46 - INFO - 查询完成，正在导出 Excel...
2025-12-04 14:11:46 - INFO - [wait_loading] 等待加载控件消失...
2025-12-04 14:11:51 - INFO - [wait_loading] 加载中... 已等待 5s
2025-12-04 14:11:52 - INFO - [wait_loading] 加载完成
2025-12-04 14:11:52 - INFO - 正在导出序时账为 Excel ...
2025-12-04 14:11:57 - INFO - [wait_appear_strict] 开始等待控件出现...
2025-12-04 14:12:14 - INFO - [wait_appear_strict] 等待中... 已等待 16s
2025-12-04 14:12:29 - INFO - [wait_appear_strict] 等待中... 已等待 30s
2025-12-04 14:12:45 - INFO - [wait_appear_strict] 等待中... 已等待 46s
2025-12-04 14:12:50 - INFO - [wait_appear_strict] 控件已出现
2025-12-04 14:12:57 - INFO - Excel 已成功保存到：D:\qcyq\很久以前\Files\20251204141047\20251204141157.xlsx
2025-12-04 14:12:57 - INFO - 第 1 段导出完成
2025-12-04 14:12:57 - INFO - 所有查询与导出已完成。
2025-12-04 14:12:58 - INFO - 录屏已结束: D:\qcyq\很久以前\Videos\20251204141047.mp4
2025-12-04 14:12:58 - INFO - 浏览器将在 3 秒后关闭...
2025-12-04 14:13:01 - INFO - 浏览器已关闭。
2025-12-04 14:13:01 - INFO - 开始删除重复数据...
2025-12-04 14:13:01 - INFO - 正在删除重复数据：2025-11-01...
2025-12-04 14:13:02 - INFO - 正在删除重复数据：2025-11-02...
2025-12-04 14:13:02 - INFO - 正在删除重复数据：2025-11-03...
2025-12-04 14:13:02 - INFO - 正在删除重复数据：2025-11-04...
2025-12-04 14:13:02 - INFO - 正在删除重复数据：2025-11-05...
2025-12-04 14:13:02 - INFO - 正在删除重复数据：2025-11-06...
2025-12-04 14:13:02 - INFO - 正在删除重复数据：2025-11-07...
2025-12-04 14:13:02 - INFO - 正在删除重复数据：2025-11-08...
2025-12-04 14:13:02 - INFO - 正在删除重复数据：2025-11-09...
2025-12-04 14:13:02 - INFO - 正在删除重复数据：2025-11-10...
2025-12-04 14:13:02 - INFO - 正在删除重复数据：2025-11-11...
2025-12-04 14:13:02 - INFO - 正在删除重复数据：2025-11-12...
2025-12-04 14:13:02 - INFO - 正在删除重复数据：2025-11-13...
2025-12-04 14:13:03 - INFO - 正在删除重复数据：2025-11-14...
2025-12-04 14:13:03 - INFO - 正在删除重复数据：2025-11-15...
2025-12-04 14:13:03 - INFO - 正在删除重复数据：2025-11-16...
2025-12-04 14:13:03 - INFO - 正在删除重复数据：2025-11-17...
2025-12-04 14:13:03 - INFO - 正在删除重复数据：2025-11-18...
2025-12-04 14:13:03 - INFO - 正在删除重复数据：2025-11-19...
2025-12-04 14:13:03 - INFO - 正在删除重复数据：2025-11-20...
2025-12-04 14:13:03 - INFO - 正在删除重复数据：2025-11-21...
2025-12-04 14:13:03 - INFO - 正在删除重复数据：2025-11-22...
2025-12-04 14:13:03 - INFO - 正在删除重复数据：2025-11-23...
2025-12-04 14:13:03 - INFO - 正在删除重复数据：2025-11-24...
2025-12-04 14:13:03 - INFO - 正在删除重复数据：2025-11-25...
2025-12-04 14:13:03 - INFO - 正在删除重复数据：2025-11-26...
2025-12-04 14:13:03 - INFO - 正在删除重复数据：2025-11-27...
2025-12-04 14:13:03 - INFO - 删除重复数据完成
2025-12-04 14:13:24 - INFO - 文件: D:\qcyq\很久以前\Files\20251204141047\20251204141157.xlsx, 开始分 49 批次录入...
2025-12-04 14:13:24 - INFO - 第16行到第1015行录入完成
2025-12-04 14:13:24 - INFO - 第1016行到第2015行录入完成
2025-12-04 14:13:25 - INFO - 第2016行到第3015行录入完成
2025-12-04 14:13:25 - INFO - 第3016行到第4015行录入完成
2025-12-04 14:13:25 - INFO - 第4016行到第5015行录入完成
2025-12-04 14:13:26 - INFO - 第5016行到第6015行录入完成
2025-12-04 14:13:26 - INFO - 第6016行到第7015行录入完成
2025-12-04 14:13:26 - INFO - 第7016行到第8015行录入完成
2025-12-04 14:13:26 - INFO - 第8016行到第9015行录入完成
2025-12-04 14:13:27 - INFO - 第9016行到第10015行录入完成
2025-12-04 14:13:27 - INFO - 第10016行到第11015行录入完成
2025-12-04 14:13:27 - INFO - 第11016行到第12015行录入完成
2025-12-04 14:13:28 - INFO - 第12016行到第13015行录入完成
2025-12-04 14:13:28 - INFO - 第13016行到第14015行录入完成
2025-12-04 14:13:28 - INFO - 第14016行到第15015行录入完成
2025-12-04 14:13:28 - INFO - 第15016行到第16015行录入完成
2025-12-04 14:13:29 - INFO - 第16016行到第17015行录入完成
2025-12-04 14:13:29 - INFO - 第17016行到第18015行录入完成
2025-12-04 14:13:29 - INFO - 第18016行到第19015行录入完成
2025-12-04 14:13:29 - INFO - 第19016行到第20015行录入完成
2025-12-04 14:13:30 - INFO - 第20016行到第21015行录入完成
2025-12-04 14:13:30 - INFO - 第21016行到第22015行录入完成
2025-12-04 14:13:30 - INFO - 第22016行到第23015行录入完成
2025-12-04 14:13:31 - INFO - 第23016行到第24015行录入完成
2025-12-04 14:13:31 - INFO - 第24016行到第25015行录入完成
2025-12-04 14:13:31 - INFO - 第25016行到第26015行录入完成
2025-12-04 14:13:31 - INFO - 第26016行到第27015行录入完成
2025-12-04 14:13:32 - INFO - 第27016行到第28015行录入完成
2025-12-04 14:13:32 - INFO - 第28016行到第29015行录入完成
2025-12-04 14:13:32 - INFO - 第29016行到第30015行录入完成
2025-12-04 14:13:32 - INFO - 第30016行到第31015行录入完成
2025-12-04 14:13:33 - INFO - 第31016行到第32015行录入完成
2025-12-04 14:13:33 - INFO - 第32016行到第33015行录入完成
2025-12-04 14:13:33 - INFO - 第33016行到第34015行录入完成
2025-12-04 14:13:34 - INFO - 第34016行到第35015行录入完成
2025-12-04 14:13:34 - INFO - 第35016行到第36015行录入完成
2025-12-04 14:13:34 - INFO - 第36016行到第37015行录入完成
2025-12-04 14:13:34 - INFO - 第37016行到第38015行录入完成
2025-12-04 14:13:35 - INFO - 第38016行到第39015行录入完成
2025-12-04 14:13:35 - INFO - 第39016行到第40015行录入完成
2025-12-04 14:13:35 - INFO - 第40016行到第41015行录入完成
2025-12-04 14:13:35 - INFO - 第41016行到第42015行录入完成
2025-12-04 14:13:36 - INFO - 第42016行到第43015行录入完成
2025-12-04 14:13:36 - INFO - 第43016行到第44015行录入完成
2025-12-04 14:13:36 - INFO - 第44016行到第45015行录入完成
2025-12-04 14:13:37 - INFO - 第45016行到第46015行录入完成
2025-12-04 14:13:37 - INFO - 第46016行到第47015行录入完成
2025-12-04 14:13:37 - INFO - 第47016行到第48015行录入完成
2025-12-04 14:13:37 - INFO - 第48016行到第48772行录入完成
2025-12-04 14:13:37 - INFO - 所有 Excel 已入库完成
2025-12-04 14:13:37 - INFO - ==========【main】结束（耗时 170.84s）】==========
