2025-11-27 10:57:27 - INFO - ==========【run_query】开始==========
2025-11-27 10:57:27 - INFO - 录屏已启动: D:\qcyq\很久以前\Video\20251127105727.mp4
2025-11-27 10:57:27 - INFO - 正在打开控制台网页...
2025-11-27 10:57:35 - INFO - ==========【run_query】开始==========
2025-11-27 10:57:35 - INFO - 录屏已启动: D:\qcyq\很久以前\Video\20251127105735.mp4
2025-11-27 10:57:35 - INFO - 正在打开控制台网页...
2025-11-27 10:57:41 - INFO - 正在进行登录...
2025-11-27 10:57:47 - INFO - [wait_loading] 等待加载控件消失...
2025-11-27 10:57:48 - INFO - [wait_loading] 加载完成
2025-11-27 10:57:48 - INFO - 登录成功！
2025-11-27 10:57:48 - INFO - 正在进入序时账查询页面...
2025-11-27 10:57:52 - INFO - 本次需要执行 1 段查询
2025-11-27 10:57:52 - INFO - 开始第 1 段查询：2025-11-01 至 2025-11-27
2025-11-27 10:57:57 - INFO - 正在筛选账簿列表...
2025-11-27 10:58:11 - WARNING - [click_and_wait] 点击后目标未出现，第 1/3 次点击无效：query.button_全部选择
2025-11-27 10:58:17 - INFO - 正在填写查找日期范围...
2025-11-27 10:58:24 - INFO - 正在筛选会计科目...
2025-11-27 10:58:34 - INFO - 正在选择币种...
2025-11-27 10:58:37 - INFO - 正在提交查询...
2025-11-27 10:58:38 - INFO - 查询完成，正在导出 Excel...
2025-11-27 10:58:38 - INFO - [wait_loading] 等待加载控件消失...
2025-11-27 10:58:41 - INFO - [wait_loading] 加载中... 已等待 3s
2025-11-27 10:58:45 - INFO - [wait_loading] 加载完成
2025-11-27 10:58:45 - INFO - 正在导出序时账为 Excel ...
2025-11-27 10:58:50 - INFO - [wait_appear_strict] 开始等待控件出现...
2025-11-27 10:59:07 - INFO - [wait_appear_strict] 等待中... 已等待 16s
2025-11-27 10:59:19 - INFO - [wait_appear_strict] 控件已出现
2025-11-27 10:59:26 - INFO - Excel 已成功保存到：D:\qcyq\很久以前\20251127105735\20251127105850.xlsx
2025-11-27 10:59:26 - INFO - 第 1 段导出完成
2025-11-27 10:59:26 - INFO - 所有查询与导出已完成。
2025-11-27 10:59:27 - INFO - 录屏已结束: D:\qcyq\很久以前\Video\20251127105735.mp4
2025-11-27 10:59:27 - INFO - 浏览器将在 3 秒后关闭...
2025-11-27 10:59:30 - INFO - 浏览器已关闭。
2025-11-27 10:59:30 - INFO - ==========【run_query】结束（耗时 115.49s）】==========
2025-11-27 10:59:30 - INFO - 开始删除重复数据...
2025-11-27 10:59:30 - INFO - 正在删除重复数据：2025-11-01...
2025-11-27 10:59:31 - INFO - 正在删除重复数据：2025-11-02...
2025-11-27 10:59:31 - INFO - 正在删除重复数据：2025-11-03...
2025-11-27 10:59:31 - INFO - 正在删除重复数据：2025-11-04...
2025-11-27 10:59:31 - INFO - 正在删除重复数据：2025-11-05...
2025-11-27 10:59:31 - INFO - 正在删除重复数据：2025-11-06...
2025-11-27 10:59:31 - INFO - 正在删除重复数据：2025-11-07...
2025-11-27 10:59:31 - INFO - 正在删除重复数据：2025-11-08...
2025-11-27 10:59:31 - INFO - 正在删除重复数据：2025-11-09...
2025-11-27 10:59:31 - INFO - 正在删除重复数据：2025-11-10...
2025-11-27 10:59:31 - INFO - 正在删除重复数据：2025-11-11...
2025-11-27 10:59:31 - INFO - 正在删除重复数据：2025-11-12...
2025-11-27 10:59:31 - INFO - 正在删除重复数据：2025-11-13...
2025-11-27 10:59:31 - INFO - 正在删除重复数据：2025-11-14...
2025-11-27 10:59:31 - INFO - 正在删除重复数据：2025-11-15...
2025-11-27 10:59:31 - INFO - 正在删除重复数据：2025-11-16...
2025-11-27 10:59:31 - INFO - 正在删除重复数据：2025-11-17...
2025-11-27 10:59:31 - INFO - 正在删除重复数据：2025-11-18...
2025-11-27 10:59:31 - INFO - 正在删除重复数据：2025-11-19...
2025-11-27 10:59:31 - INFO - 正在删除重复数据：2025-11-20...
2025-11-27 10:59:31 - INFO - 正在删除重复数据：2025-11-21...
2025-11-27 10:59:31 - INFO - 正在删除重复数据：2025-11-22...
2025-11-27 10:59:31 - INFO - 正在删除重复数据：2025-11-23...
2025-11-27 10:59:31 - INFO - 正在删除重复数据：2025-11-24...
2025-11-27 10:59:31 - INFO - 正在删除重复数据：2025-11-25...
2025-11-27 10:59:31 - INFO - 正在删除重复数据：2025-11-26...
2025-11-27 10:59:31 - INFO - 删除重复数据完成
2025-11-27 10:59:40 - INFO - 文件: D:\qcyq\很久以前\20251127105735\20251127105850.xlsx, 本次需录入数量为1, 开始分 24 批次录入...
2025-11-27 10:59:46 - INFO - 所有 Excel 已入库完成
2025-11-27 11:07:30 - INFO - ==========【run_query】开始==========
2025-11-27 11:07:30 - INFO - 录屏已启动: D:\qcyq\很久以前\Video\20251127110730.mp4
2025-11-27 11:07:30 - INFO - 正在打开控制台网页...
2025-11-27 11:07:35 - INFO - 已在控制台页面，无需登录
2025-11-27 11:07:35 - INFO - 正在进入序时账查询页面...
2025-11-27 11:07:39 - INFO - 本次需要执行 1 段查询
2025-11-27 11:07:39 - INFO - 开始第 1 段查询：2025-11-01 至 2025-11-27
2025-11-27 11:07:44 - INFO - 正在筛选账簿列表...
2025-11-27 11:07:52 - WARNING - [safe_click] 第 1/3 次等待失败：未找到元素 query.tab_我的收藏
2025-11-27 11:07:59 - WARNING - [safe_click] 第 2/3 次等待失败：未找到元素 query.tab_我的收藏
2025-11-27 11:08:06 - WARNING - [safe_click] 第 3/3 次等待失败：未找到元素 query.tab_我的收藏
2025-11-27 11:08:08 - ERROR - 查询序时账失败：[safe_click] 点击失败：无法找到元素 query.tab_我的收藏，累计尝试 3 次
2025-11-27 11:08:09 - INFO - 录屏已结束: D:\qcyq\很久以前\Video\20251127110730.mp4
2025-11-27 11:08:09 - INFO - 浏览器将在 3 秒后关闭...
2025-11-27 11:08:12 - INFO - 浏览器已关闭。
2025-11-27 11:08:12 - ERROR - ==========【run_query】失败：[safe_click] 点击失败：无法找到元素 query.tab_我的收藏，累计尝试 3 次==========
2025-11-27 11:08:12 - INFO - ==========【run_query】结束（耗时 41.72s）】==========
2025-11-27 11:08:12 - ERROR - [retry] 第 1/3 次执行失败：[safe_click] 点击失败：无法找到元素 query.tab_我的收藏，累计尝试 3 次
2025-11-27 11:08:13 - INFO - [retry] 已强制关闭 Chrome 进程，准备重试...
2025-11-27 11:08:16 - INFO - ==========【run_query】开始==========
2025-11-27 11:08:16 - INFO - 录屏已启动: D:\qcyq\很久以前\Video\20251127110816.mp4
2025-11-27 11:08:16 - INFO - 正在打开控制台网页...
2025-11-27 11:08:22 - INFO - 已在控制台页面，无需登录
2025-11-27 11:08:22 - INFO - 正在进入序时账查询页面...
2025-11-27 11:08:26 - INFO - 本次需要执行 1 段查询
2025-11-27 11:08:26 - INFO - 开始第 1 段查询：2025-11-01 至 2025-11-27
2025-11-27 11:08:31 - INFO - 正在筛选账簿列表...
2025-11-27 11:08:39 - INFO - 正在填写查找日期范围...
2025-11-27 11:08:46 - INFO - 正在筛选会计科目...
2025-11-27 11:08:55 - INFO - 正在选择币种...
2025-11-27 11:08:59 - INFO - 正在提交查询...
2025-11-27 11:09:00 - INFO - 查询完成，正在导出 Excel...
2025-11-27 11:09:00 - INFO - [wait_loading] 等待加载控件消失...
2025-11-27 11:09:03 - INFO - [wait_loading] 加载中... 已等待 3s
2025-11-27 11:09:06 - INFO - [wait_loading] 加载完成
2025-11-27 11:09:06 - INFO - 正在导出序时账为 Excel ...
2025-11-27 11:09:11 - INFO - [wait_appear_strict] 开始等待控件出现...
2025-11-27 11:09:28 - INFO - [wait_appear_strict] 等待中... 已等待 16s
2025-11-27 11:09:35 - INFO - [wait_appear_strict] 控件已出现
2025-11-27 11:09:43 - INFO - Excel 已成功保存到：D:\qcyq\很久以前\20251127110816\20251127110911.xlsx
2025-11-27 11:09:43 - INFO - 第 1 段导出完成
2025-11-27 11:09:43 - INFO - 所有查询与导出已完成。
2025-11-27 11:09:44 - INFO - 录屏已结束: D:\qcyq\很久以前\Video\20251127110816.mp4
2025-11-27 11:09:44 - INFO - 浏览器将在 3 秒后关闭...
2025-11-27 11:09:47 - INFO - 浏览器已关闭。
2025-11-27 11:09:47 - INFO - ==========【run_query】结束（耗时 90.87s）】==========
2025-11-27 11:09:47 - INFO - 开始删除重复数据...
2025-11-27 11:09:47 - INFO - 正在删除重复数据：2025-11-01...
2025-11-27 11:09:47 - INFO - 正在删除重复数据：2025-11-02...
2025-11-27 11:09:47 - INFO - 正在删除重复数据：2025-11-03...
2025-11-27 11:09:47 - INFO - 正在删除重复数据：2025-11-04...
2025-11-27 11:09:47 - INFO - 正在删除重复数据：2025-11-05...
2025-11-27 11:09:47 - INFO - 正在删除重复数据：2025-11-06...
2025-11-27 11:09:48 - INFO - 正在删除重复数据：2025-11-07...
2025-11-27 11:09:48 - INFO - 正在删除重复数据：2025-11-08...
2025-11-27 11:09:48 - INFO - 正在删除重复数据：2025-11-09...
2025-11-27 11:09:48 - INFO - 正在删除重复数据：2025-11-10...
2025-11-27 11:09:48 - INFO - 正在删除重复数据：2025-11-11...
2025-11-27 11:09:48 - INFO - 正在删除重复数据：2025-11-12...
2025-11-27 11:09:48 - INFO - 正在删除重复数据：2025-11-13...
2025-11-27 11:09:48 - INFO - 正在删除重复数据：2025-11-14...
2025-11-27 11:09:48 - INFO - 正在删除重复数据：2025-11-15...
2025-11-27 11:09:48 - INFO - 正在删除重复数据：2025-11-16...
2025-11-27 11:09:48 - INFO - 正在删除重复数据：2025-11-17...
2025-11-27 11:09:48 - INFO - 正在删除重复数据：2025-11-18...
2025-11-27 11:09:48 - INFO - 正在删除重复数据：2025-11-19...
2025-11-27 11:09:48 - INFO - 正在删除重复数据：2025-11-20...
2025-11-27 11:09:48 - INFO - 正在删除重复数据：2025-11-21...
2025-11-27 11:09:48 - INFO - 正在删除重复数据：2025-11-22...
2025-11-27 11:09:48 - INFO - 正在删除重复数据：2025-11-23...
2025-11-27 11:09:48 - INFO - 正在删除重复数据：2025-11-24...
2025-11-27 11:09:48 - INFO - 正在删除重复数据：2025-11-25...
2025-11-27 11:09:48 - INFO - 正在删除重复数据：2025-11-26...
2025-11-27 11:09:48 - INFO - 正在删除重复数据：2025-11-27...
2025-11-27 11:09:48 - INFO - 删除重复数据完成
2025-11-27 11:09:56 - INFO - 文件: D:\qcyq\很久以前\20251127110816\20251127110911.xlsx, 本次需录入数量为1, 开始分 24 批次录入...
2025-11-27 11:10:02 - INFO - 所有 Excel 已入库完成
2025-11-27 11:57:19 - INFO - ==========【main】开始==========
2025-11-27 11:57:19 - INFO - 录屏已启动: D:\qcyq\很久以前\Video\20251127115719.mp4
2025-11-27 11:57:19 - INFO - 正在打开控制台网页...
2025-11-27 11:57:25 - INFO - 正在进行登录...
2025-11-27 11:57:32 - INFO - [wait_loading] 等待加载控件消失...
2025-11-27 11:57:33 - INFO - [wait_loading] 加载完成
2025-11-27 11:57:33 - INFO - 登录成功！
2025-11-27 11:57:33 - INFO - 正在进入序时账查询页面...
2025-11-27 11:57:36 - INFO - 本次需要执行 1 段查询
2025-11-27 11:57:36 - INFO - 开始第 1 段查询：2025-11-01 至 2025-11-27
2025-11-27 11:57:41 - INFO - 正在筛选账簿列表...
2025-11-27 11:57:50 - INFO - 正在填写查找日期范围...
2025-11-27 11:57:56 - INFO - 正在筛选会计科目...
2025-11-27 11:58:06 - INFO - 正在选择币种...
2025-11-27 11:58:09 - INFO - 正在提交查询...
2025-11-27 11:58:11 - INFO - 查询完成，正在导出 Excel...
2025-11-27 11:58:11 - INFO - [wait_loading] 等待加载控件消失...
2025-11-27 11:58:14 - INFO - [wait_loading] 加载中... 已等待 3s
2025-11-27 11:58:16 - INFO - [wait_loading] 加载完成
2025-11-27 11:58:16 - INFO - 正在导出序时账为 Excel ...
2025-11-27 11:58:21 - INFO - [wait_appear_strict] 开始等待控件出现...
2025-11-27 11:58:39 - INFO - [wait_appear_strict] 等待中... 已等待 16s
2025-11-27 11:58:44 - INFO - [wait_appear_strict] 控件已出现
2025-11-27 11:58:50 - INFO - Excel 已成功保存到：D:\qcyq\很久以前\20251127115719\20251127115821.xlsx
2025-11-27 11:58:50 - INFO - 第 1 段导出完成
2025-11-27 11:58:50 - INFO - 所有查询与导出已完成。
2025-11-27 11:58:51 - INFO - 录屏已结束: D:\qcyq\很久以前\Video\20251127115719.mp4
2025-11-27 11:58:51 - INFO - 浏览器将在 3 秒后关闭...
2025-11-27 11:58:54 - INFO - 浏览器已关闭。
2025-11-27 11:58:54 - INFO - 开始删除重复数据...
2025-11-27 11:58:54 - INFO - 正在删除重复数据：2025-11-01...
2025-11-27 11:58:54 - INFO - 正在删除重复数据：2025-11-02...
2025-11-27 11:58:54 - INFO - 正在删除重复数据：2025-11-03...
2025-11-27 11:58:54 - INFO - 正在删除重复数据：2025-11-04...
2025-11-27 11:58:54 - INFO - 正在删除重复数据：2025-11-05...
2025-11-27 11:58:54 - INFO - 正在删除重复数据：2025-11-06...
2025-11-27 11:58:54 - INFO - 正在删除重复数据：2025-11-07...
2025-11-27 11:58:54 - INFO - 正在删除重复数据：2025-11-08...
2025-11-27 11:58:54 - INFO - 正在删除重复数据：2025-11-09...
2025-11-27 11:58:54 - INFO - 正在删除重复数据：2025-11-10...
2025-11-27 11:58:54 - INFO - 正在删除重复数据：2025-11-11...
2025-11-27 11:58:54 - INFO - 正在删除重复数据：2025-11-12...
2025-11-27 11:58:54 - INFO - 正在删除重复数据：2025-11-13...
2025-11-27 11:58:54 - INFO - 正在删除重复数据：2025-11-14...
2025-11-27 11:58:54 - INFO - 正在删除重复数据：2025-11-15...
2025-11-27 11:58:55 - INFO - 正在删除重复数据：2025-11-16...
2025-11-27 11:58:55 - INFO - 正在删除重复数据：2025-11-17...
2025-11-27 11:58:55 - INFO - 正在删除重复数据：2025-11-18...
2025-11-27 11:58:55 - INFO - 正在删除重复数据：2025-11-19...
2025-11-27 11:58:55 - INFO - 正在删除重复数据：2025-11-20...
2025-11-27 11:58:55 - INFO - 正在删除重复数据：2025-11-21...
2025-11-27 11:58:55 - INFO - 正在删除重复数据：2025-11-22...
2025-11-27 11:58:55 - INFO - 正在删除重复数据：2025-11-23...
2025-11-27 11:58:55 - INFO - 正在删除重复数据：2025-11-24...
2025-11-27 11:58:55 - INFO - 正在删除重复数据：2025-11-25...
2025-11-27 11:58:55 - INFO - 正在删除重复数据：2025-11-26...
2025-11-27 11:58:55 - INFO - 正在删除重复数据：2025-11-27...
2025-11-27 11:58:55 - INFO - 删除重复数据完成
2025-11-27 11:59:03 - INFO - 文件: D:\qcyq\很久以前\20251127115719\20251127115821.xlsx, 本次需录入数量为1, 开始分 24 批次录入...
2025-11-27 11:59:10 - INFO - 所有 Excel 已入库完成
2025-11-27 11:59:10 - INFO - ==========【main】结束（耗时 111.3s）】==========
