2025-12-01 14:56:06 - INFO - ==========【main】开始==========
2025-12-01 14:56:06 - INFO - 录屏已启动: D:\qcyq\很久以前\Videos\20251201145606.mp4
2025-12-01 14:56:06 - INFO - 正在打开控制台网页...
2025-12-01 14:56:12 - INFO - 正在进行登录...
2025-12-01 14:56:15 - WARNING - [safe_input] 第 1/3 次等待控件失败：login.login_username
2025-12-01 14:56:19 - WARNING - [safe_input] 第 2/3 次等待控件失败：login.login_username
2025-12-01 14:56:23 - WARNING - [safe_input] 第 3/3 次等待控件失败：login.login_username
2025-12-01 14:56:24 - ERROR - 进入登录失败：[safe_input] 输入失败：无法找到或输入 login.login_username，累计尝试 3 次
2025-12-01 14:56:24 - INFO - [screenshot] 截图已保存：D:\qcyq\很久以前\Images\error_20251201145624.png
2025-12-01 14:56:25 - INFO - 录屏已结束: D:\qcyq\很久以前\Videos\20251201145606.mp4
2025-12-01 14:56:25 - INFO - 浏览器将在 3 秒后关闭...
2025-12-01 14:56:28 - INFO - 浏览器已关闭。
2025-12-01 14:56:28 - ERROR - [retry] 第 1/3 次执行失败：[safe_input] 输入失败：无法找到或输入 login.login_username，累计尝试 3 次
2025-12-01 14:56:30 - INFO - [retry] 已强制关闭 Chrome 进程，准备重试...
2025-12-01 14:56:33 - INFO - 录屏已启动: D:\qcyq\很久以前\Videos\20251201145633.mp4
2025-12-01 14:56:33 - INFO - 正在打开控制台网页...
2025-12-01 14:56:40 - INFO - 已在控制台页面，无需登录
2025-12-01 14:56:40 - INFO - 正在进入序时账查询页面...
2025-12-01 14:56:44 - INFO - 本次需要执行 1 段查询
2025-12-01 14:56:44 - INFO - 开始第 1 段查询：2025-11-01 至 2025-12-01
2025-12-01 14:56:49 - INFO - 正在筛选账簿列表...
2025-12-01 14:56:57 - INFO - 正在填写查找日期范围...
2025-12-01 14:57:03 - INFO - 正在筛选会计科目...
2025-12-01 14:57:12 - INFO - 正在选择币种...
2025-12-01 14:57:16 - INFO - 正在提交查询...
2025-12-01 14:57:17 - INFO - 查询完成，正在导出 Excel...
2025-12-01 14:57:17 - INFO - [wait_loading] 等待加载控件消失...
2025-12-01 14:57:21 - INFO - [wait_loading] 加载完成
2025-12-01 14:57:21 - INFO - 正在导出序时账为 Excel ...
2025-12-01 14:57:25 - INFO - [wait_appear_strict] 开始等待控件出现...
2025-12-01 14:57:43 - INFO - [wait_appear_strict] 等待中... 已等待 16s
2025-12-01 14:57:55 - INFO - [wait_appear_strict] 控件已出现
2025-12-01 14:58:02 - INFO - Excel 已成功保存到：D:\qcyq\很久以前\Files\20251201145633\20251201145725.xlsx
2025-12-01 14:58:02 - INFO - 第 1 段导出完成
2025-12-01 14:58:02 - INFO - 所有查询与导出已完成。
2025-12-01 14:58:03 - INFO - 录屏已结束: D:\qcyq\很久以前\Videos\20251201145633.mp4
2025-12-01 14:58:03 - INFO - 浏览器将在 3 秒后关闭...
2025-12-01 14:58:06 - INFO - 浏览器已关闭。
2025-12-01 14:58:06 - INFO - 开始删除重复数据...
2025-12-01 14:59:16 - INFO - 删除重复数据完成
2025-12-01 14:59:33 - INFO - 文件: D:\qcyq\很久以前\Files\20251201145633\20251201145725.xlsx, 开始分 29 批次录入...
2025-12-01 14:59:34 - INFO - 第16行到第1015行录入完成
2025-12-01 14:59:35 - INFO - 第1016行到第2015行录入完成
2025-12-01 14:59:36 - INFO - 第2016行到第3015行录入完成
2025-12-01 14:59:37 - INFO - 第3016行到第4015行录入完成
2025-12-01 14:59:38 - INFO - 第4016行到第5015行录入完成
2025-12-01 14:59:38 - INFO - 第5016行到第6015行录入完成
2025-12-01 14:59:39 - INFO - 第6016行到第7015行录入完成
2025-12-01 14:59:40 - INFO - 第7016行到第8015行录入完成
2025-12-01 14:59:41 - INFO - 第8016行到第9015行录入完成
2025-12-01 14:59:42 - INFO - 第9016行到第10015行录入完成
2025-12-01 14:59:43 - INFO - 第10016行到第11015行录入完成
2025-12-01 14:59:44 - INFO - 第11016行到第12015行录入完成
2025-12-01 14:59:45 - INFO - 第12016行到第13015行录入完成
2025-12-01 14:59:46 - INFO - 第13016行到第14015行录入完成
2025-12-01 14:59:46 - INFO - 第14016行到第15015行录入完成
2025-12-01 14:59:47 - INFO - 第15016行到第16015行录入完成
2025-12-01 14:59:48 - INFO - 第16016行到第17015行录入完成
2025-12-01 14:59:49 - INFO - 第17016行到第18015行录入完成
2025-12-01 14:59:50 - INFO - 第18016行到第19015行录入完成
2025-12-01 14:59:50 - INFO - 第19016行到第20015行录入完成
2025-12-01 14:59:51 - INFO - 第20016行到第21015行录入完成
2025-12-01 14:59:52 - INFO - 第21016行到第22015行录入完成
2025-12-01 14:59:53 - INFO - 第22016行到第23015行录入完成
2025-12-01 14:59:53 - INFO - 第23016行到第24015行录入完成
2025-12-01 14:59:54 - INFO - 第24016行到第25015行录入完成
2025-12-01 14:59:55 - INFO - 第25016行到第26015行录入完成
2025-12-01 14:59:56 - INFO - 第26016行到第27015行录入完成
2025-12-01 14:59:56 - INFO - 第27016行到第28015行录入完成
2025-12-01 14:59:57 - INFO - 第28016行到第28472行录入完成
2025-12-01 14:59:57 - INFO - 所有 Excel 已入库完成
2025-12-01 14:59:57 - INFO - ==========【main】结束（耗时 231.67s）】==========
