2025-11-24 13:06:28 - INFO - 
2025-11-24 13:06:28 - INFO - 【开始执行任务】
2025-11-24 13:06:28 - INFO - 正在打开控制台网页...
2025-11-24 13:06:36 - INFO - 正在进行登录...
2025-11-24 13:06:43 - INFO - 登录成功！
2025-11-24 13:06:43 - INFO - 正在进入序时账查询页面...
2025-11-24 13:06:49 - INFO - 本次需要执行 1 段查询
2025-11-24 13:06:49 - INFO - 开始第 1 段查询：2025-09-25 至 2025-11-24
2025-11-24 13:06:49 - INFO - 正在筛选账簿列表...
2025-11-24 13:07:03 - INFO - 正在筛选会计科目...
2025-11-24 13:07:14 - INFO - 查询完成，正在导出 Excel...
2025-11-24 13:07:14 - INFO - [wait_loading] 等待加载控件消失...
2025-11-24 13:07:18 - INFO - [wait_loading] 加载中... 已等待 3s
2025-11-24 13:07:21 - INFO - [wait_loading] 加载中... 已等待 6s
2025-11-24 13:07:24 - INFO - [wait_loading] 加载中... 已等待 9s
2025-11-24 13:07:27 - INFO - [wait_loading] 加载中... 已等待 12s
2025-11-24 13:07:28 - INFO - [wait_loading] 加载完成
2025-11-24 13:07:28 - INFO - 正在导出序时账为 Excel ...
2025-11-24 13:07:33 - INFO - [wait_appear_strict] 开始等待控件出现...
2025-11-24 13:07:50 - INFO - [wait_appear_strict] 等待中... 已等待 15s
2025-11-24 13:08:05 - INFO - [wait_appear_strict] 等待中... 已等待 30s
2025-11-24 13:08:20 - INFO - [wait_appear_strict] 等待中... 已等待 45s
2025-11-24 13:08:36 - INFO - [wait_appear_strict] 等待中... 已等待 61s
2025-11-24 13:08:50 - INFO - [wait_appear_strict] 等待中... 已等待 75s
2025-11-24 13:09:06 - INFO - [wait_appear_strict] 等待中... 已等待 91s
2025-11-24 13:09:08 - INFO - [wait_appear_strict] 控件已出现
2025-11-24 13:09:13 - INFO - Excel 已成功保存到：D:\下载\序时帐导出_Excel\序时账_20251124_130733.xlsx
2025-11-24 13:09:13 - INFO - 第 1 段导出完成
2025-11-24 13:09:13 - INFO - 所有查询与导出已完成。
2025-11-24 13:09:13 - INFO - 浏览器将在 5 秒后关闭...
2025-11-24 13:09:18 - INFO - 浏览器已关闭。
2025-11-24 13:09:18 - INFO - 【任务执行完成】
2025-11-24 13:41:07 - INFO - 
2025-11-24 13:41:07 - INFO - 【开始执行任务】
2025-11-24 13:41:07 - INFO - 正在打开控制台网页...
2025-11-24 13:41:14 - INFO - 正在进行登录...
2025-11-24 13:41:21 - INFO - 登录成功！
2025-11-24 13:41:21 - INFO - 正在进入序时账查询页面...
2025-11-24 13:41:27 - INFO - 本次需要执行 1 段查询
2025-11-24 13:41:27 - INFO - 开始第 1 段查询：2025-09-25 至 2025-11-24
2025-11-24 13:41:27 - INFO - 正在筛选账簿列表...
2025-11-24 15:49:46 - INFO - 
2025-11-24 15:49:46 - INFO - 【开始执行任务】
2025-11-24 15:49:46 - INFO - 正在打开控制台网页...
2025-11-24 15:49:54 - INFO - 已在控制台页面，无需登录
2025-11-24 15:49:54 - INFO - 正在进入序时账查询页面...
2025-11-24 15:50:00 - INFO - 本次需要执行 1 段查询
2025-11-24 15:50:00 - INFO - 开始第 1 段查询：2025-09-25 至 2025-11-24
2025-11-24 15:50:00 - INFO - 正在筛选账簿列表...
2025-11-24 15:50:17 - INFO - 正在筛选会计科目...
2025-11-24 16:12:27 - INFO - 
2025-11-24 16:12:27 - INFO - 【开始执行任务】
2025-11-24 16:12:27 - INFO - 正在打开控制台网页...
2025-11-24 16:12:32 - INFO - 已在控制台页面，无需登录
2025-11-24 16:12:32 - INFO - 正在进入序时账查询页面...
2025-11-24 16:12:39 - INFO - 本次需要执行 1 段查询
2025-11-24 16:12:39 - INFO - 开始第 1 段查询：2025-09-25 至 2025-11-24
2025-11-24 16:12:39 - INFO - 正在筛选账簿列表...
2025-11-24 16:12:56 - INFO - 正在筛选会计科目...
2025-11-24 16:13:02 - WARNING - [safe_click] 第 1/3 次等待失败：未找到元素 query.li_人民币
2025-11-24 16:13:09 - WARNING - [safe_click] 第 2/3 次等待失败：未找到元素 query.li_人民币
2025-11-24 16:14:34 - INFO - 
2025-11-24 16:14:34 - INFO - 【开始执行任务】
2025-11-24 16:14:34 - INFO - 正在打开控制台网页...
2025-11-24 16:14:39 - INFO - 已在控制台页面，无需登录
2025-11-24 16:14:39 - INFO - 正在进入序时账查询页面...
2025-11-24 16:14:46 - INFO - 本次需要执行 1 段查询
2025-11-24 16:14:46 - INFO - 开始第 1 段查询：2025-09-25 至 2025-11-24
2025-11-24 16:14:46 - INFO - 正在筛选账簿列表...
2025-11-24 16:15:02 - INFO - 正在筛选会计科目...
2025-11-24 16:15:11 - INFO - 正在筛选会计科目...
2025-11-24 16:15:17 - WARNING - [safe_click] 第 1/3 次等待失败：未找到元素 query.li_人民币
2025-11-24 16:16:44 - INFO - 
2025-11-24 16:16:44 - INFO - 【开始执行任务】
2025-11-24 16:16:44 - INFO - 本次需要执行 1 段查询
2025-11-24 16:16:44 - INFO - 开始第 1 段查询：2025-09-25 至 2025-11-24
2025-11-24 16:16:44 - INFO - 正在筛选账簿列表...
2025-11-24 16:17:11 - INFO - 
2025-11-24 16:17:11 - INFO - 【开始执行任务】
2025-11-24 16:17:11 - INFO - 本次需要执行 1 段查询
2025-11-24 16:17:11 - INFO - 开始第 1 段查询：2025-09-25 至 2025-11-24
2025-11-24 16:17:11 - INFO - 正在筛选账簿列表...
2025-11-24 16:17:28 - INFO - 正在筛选会计科目...
2025-11-24 16:17:36 - INFO - 正在筛选会计科目...
2025-11-24 16:17:43 - WARNING - [safe_click] 第 1/3 次等待失败：未找到元素 query.li_人民币
2025-11-24 16:17:50 - WARNING - [safe_click] 第 2/3 次等待失败：未找到元素 query.li_人民币
2025-11-24 16:18:22 - INFO - 
2025-11-24 16:18:22 - INFO - 【开始执行任务】
2025-11-24 16:18:22 - INFO - 本次需要执行 1 段查询
2025-11-24 16:18:22 - INFO - 开始第 1 段查询：2025-09-25 至 2025-11-24
2025-11-24 16:18:22 - INFO - 正在筛选账簿列表...
2025-11-24 16:18:27 - WARNING - [safe_click] 第 1/3 次等待失败：未找到元素 query.button_查询
2025-11-24 16:18:45 - INFO - 正在筛选会计科目...
2025-11-24 16:18:53 - INFO - 正在筛选会计科目...
2025-11-24 16:19:00 - WARNING - [safe_click] 第 1/3 次等待失败：未找到元素 query.li_人民币
2025-11-24 16:20:19 - INFO - 
2025-11-24 16:20:19 - INFO - 【开始执行任务】
2025-11-24 16:20:19 - INFO - 本次需要执行 1 段查询
2025-11-24 16:20:19 - INFO - 开始第 1 段查询：2025-09-25 至 2025-11-24
2025-11-24 16:20:19 - INFO - 正在筛选账簿列表...
2025-11-24 16:20:37 - INFO - 正在筛选会计科目...
2025-11-24 16:20:49 - INFO - 查询完成，正在导出 Excel...
2025-11-24 16:20:49 - INFO - 所有查询与导出已完成。
2025-11-24 16:20:49 - INFO - 【任务执行完成】
2025-11-24 16:24:22 - INFO - 
2025-11-24 16:24:22 - INFO - 【开始执行任务】
2025-11-24 16:24:22 - INFO - 本次需要执行 1 段查询
2025-11-24 16:24:22 - INFO - 开始第 1 段查询：2025-09-25 至 2025-11-24
2025-11-24 16:24:22 - INFO - 正在筛选账簿列表...
2025-11-24 16:24:22 - INFO - 正在筛选会计科目...
2025-11-24 16:24:38 - WARNING - [safe_click] 第 1/3 次等待失败：未找到元素 query.li_人民币
2025-11-24 16:24:45 - WARNING - [safe_click] 第 2/3 次等待失败：未找到元素 query.li_人民币
2025-11-24 16:28:34 - INFO - 
2025-11-24 16:28:34 - INFO - 【开始执行任务】
2025-11-24 16:28:34 - INFO - 本次需要执行 1 段查询
2025-11-24 16:28:34 - INFO - 开始第 1 段查询：2025-09-25 至 2025-11-24
2025-11-24 16:28:34 - INFO - 正在筛选账簿列表...
2025-11-24 16:28:34 - INFO - 正在筛选会计科目...
2025-11-24 16:28:39 - WARNING - [safe_click] 第 1/3 次等待失败：未找到元素 query.div_会计科目
2025-11-24 16:29:02 - WARNING - [safe_click] 第 1/3 次等待失败：未找到元素 query.li_人民币
2025-11-24 16:34:11 - INFO - 
2025-11-24 16:34:11 - INFO - 【开始执行任务】
2025-11-24 16:34:11 - INFO - 本次需要执行 1 段查询
2025-11-24 16:34:11 - INFO - 开始第 1 段查询：2025-09-25 至 2025-11-24
2025-11-24 16:34:11 - INFO - 正在筛选账簿列表...
2025-11-24 16:34:11 - INFO - 正在筛选会计科目...
2025-11-24 16:34:27 - WARNING - [safe_click] 第 1/3 次等待失败：未找到元素 query.li_人民币
2025-11-24 16:34:34 - WARNING - [safe_click] 第 2/3 次等待失败：未找到元素 query.li_人民币
2025-11-24 16:36:05 - INFO - 
2025-11-24 16:36:05 - INFO - 【开始执行任务】
2025-11-24 16:36:05 - INFO - 本次需要执行 1 段查询
2025-11-24 16:36:05 - INFO - 开始第 1 段查询：2025-09-25 至 2025-11-24
2025-11-24 16:36:05 - INFO - 正在筛选账簿列表...
2025-11-24 16:36:05 - INFO - 正在筛选会计科目...
2025-11-24 16:36:20 - INFO - 查询完成，正在导出 Excel...
2025-11-24 16:36:20 - INFO - 所有查询与导出已完成。
2025-11-24 16:36:20 - INFO - 【任务执行完成】
2025-11-24 16:36:35 - INFO - 
2025-11-24 16:36:35 - INFO - 【开始执行任务】
2025-11-24 16:36:35 - INFO - 本次需要执行 1 段查询
2025-11-24 16:36:35 - INFO - 开始第 1 段查询：2025-09-25 至 2025-11-24
2025-11-24 16:36:35 - INFO - 正在筛选账簿列表...
2025-11-24 16:36:35 - INFO - 正在筛选会计科目...
2025-11-24 16:36:49 - INFO - 查询完成，正在导出 Excel...
2025-11-24 16:36:49 - INFO - 所有查询与导出已完成。
2025-11-24 16:36:49 - INFO - 【任务执行完成】
2025-11-24 16:38:40 - INFO - 
2025-11-24 16:38:40 - INFO - 【开始执行任务】
2025-11-24 16:38:40 - INFO - 本次需要执行 1 段查询
2025-11-24 16:38:40 - INFO - 开始第 1 段查询：2025-09-25 至 2025-11-24
2025-11-24 16:38:40 - INFO - 正在筛选账簿列表...
2025-11-24 16:38:40 - INFO - 正在筛选会计科目...
2025-11-24 16:39:08 - INFO - 
2025-11-24 16:39:08 - INFO - 【开始执行任务】
2025-11-24 16:39:08 - INFO - 本次需要执行 1 段查询
2025-11-24 16:39:08 - INFO - 开始第 1 段查询：2025-09-25 至 2025-11-24
2025-11-24 16:39:08 - INFO - 正在筛选账簿列表...
2025-11-24 16:39:19 - WARNING - [safe_click] 第 1/3 次等待失败：未找到元素 query.button_全部选择
2025-11-24 16:39:26 - WARNING - [safe_click] 第 2/3 次等待失败：未找到元素 query.button_全部选择
2025-11-24 16:39:33 - WARNING - [safe_click] 第 3/3 次等待失败：未找到元素 query.button_全部选择
2025-11-24 16:39:35 - ERROR - 查询序时账失败：[safe_click] 点击失败：无法找到元素 query.button_全部选择，累计尝试 3 次
2025-11-24 16:39:35 - ERROR - [retry] 第 1/3 次执行失败：[safe_click] 点击失败：无法找到元素 query.button_全部选择，累计尝试 3 次
2025-11-24 16:39:36 - INFO - [retry] 已强制关闭 Chrome 进程，准备重试...
2025-11-24 16:39:39 - INFO - 本次需要执行 1 段查询
2025-11-24 16:39:39 - INFO - 开始第 1 段查询：2025-09-25 至 2025-11-24
2025-11-24 16:39:39 - INFO - 正在筛选账簿列表...
2025-11-24 16:39:40 - WARNING - [safe_click] 第 1/3 次等待失败：未找到元素 query.button_查询
2025-11-24 16:39:54 - INFO - 
2025-11-24 16:39:54 - INFO - 【开始执行任务】
2025-11-24 16:39:54 - INFO - 正在打开控制台网页...
2025-11-24 16:40:04 - INFO - 已在控制台页面，无需登录
2025-11-24 16:40:04 - INFO - 正在进入序时账查询页面...
2025-11-24 16:40:11 - INFO - 本次需要执行 1 段查询
2025-11-24 16:40:11 - INFO - 开始第 1 段查询：2025-09-25 至 2025-11-24
2025-11-24 16:40:11 - INFO - 正在筛选账簿列表...
2025-11-24 16:40:26 - INFO - 正在筛选会计科目...
2025-11-24 16:40:43 - INFO - 查询完成，正在导出 Excel...
2025-11-24 16:40:43 - INFO - 所有查询与导出已完成。
2025-11-24 16:40:43 - INFO - 【任务执行完成】
2025-11-24 16:41:36 - INFO - 
2025-11-24 16:41:36 - INFO - 【开始执行任务】
2025-11-24 16:41:36 - INFO - 正在打开控制台网页...
2025-11-24 16:41:42 - INFO - 已在控制台页面，无需登录
2025-11-24 16:41:42 - INFO - 正在进入序时账查询页面...
2025-11-24 16:41:49 - INFO - 本次需要执行 1 段查询
2025-11-24 16:41:49 - INFO - 开始第 1 段查询：2025-09-25 至 2025-11-24
2025-11-24 16:41:49 - INFO - 正在筛选账簿列表...
2025-11-24 16:42:04 - INFO - 正在筛选会计科目...
2025-11-24 16:42:21 - INFO - 查询完成，正在导出 Excel...
2025-11-24 16:42:21 - INFO - [wait_loading] 等待加载控件消失...
2025-11-24 16:42:24 - INFO - [wait_loading] 加载中... 已等待 3s
2025-11-24 16:42:27 - INFO - [wait_loading] 加载中... 已等待 6s
2025-11-24 16:42:29 - INFO - [wait_loading] 加载完成
2025-11-24 16:42:29 - INFO - 正在导出序时账为 Excel ...
2025-11-24 16:42:34 - INFO - [wait_appear_strict] 开始等待控件出现...
2025-11-24 16:42:51 - INFO - [wait_appear_strict] 等待中... 已等待 15s
2025-11-24 16:43:07 - INFO - [wait_appear_strict] 等待中... 已等待 30s
2025-11-24 16:43:22 - INFO - [wait_appear_strict] 等待中... 已等待 46s
2025-11-24 16:43:37 - INFO - [wait_appear_strict] 等待中... 已等待 61s
2025-11-24 16:43:51 - INFO - [wait_appear_strict] 等待中... 已等待 75s
2025-11-24 16:44:06 - INFO - [wait_appear_strict] 等待中... 已等待 90s
2025-11-24 16:44:21 - INFO - [wait_appear_strict] 等待中... 已等待 105s
2025-11-24 16:44:24 - INFO - [wait_appear_strict] 控件已出现
2025-11-24 16:44:31 - INFO - Excel 已成功保存到：D:\下载\序时帐导出_Excel\序时账_20251124_164234.xlsx
2025-11-24 16:44:31 - INFO - 第 1 段导出完成
2025-11-24 16:44:31 - INFO - 所有查询与导出已完成。
2025-11-24 16:44:31 - INFO - 浏览器将在 5 秒后关闭...
2025-11-24 16:44:36 - INFO - 浏览器已关闭。
2025-11-24 16:44:36 - INFO - 【任务执行完成】
2025-11-24 17:26:12 - INFO - 
2025-11-24 17:26:12 - INFO - 【开始执行任务】
2025-11-24 17:26:12 - INFO - 正在打开控制台网页...
2025-11-24 17:26:17 - INFO - 已在控制台页面，无需登录
2025-11-24 17:26:17 - INFO - 正在进入序时账查询页面...
2025-11-24 17:26:24 - INFO - 本次需要执行 1 段查询
2025-11-24 17:26:24 - INFO - 开始第 1 段查询：2025-09-25 至 2025-11-24
2025-11-24 17:26:24 - INFO - 正在筛选账簿列表...
2025-11-24 17:26:37 - INFO - 正在筛选会计科目...
2025-11-24 17:26:47 - INFO - 正在选择币种范围...
2025-11-24 17:26:52 - INFO - 查询完成，正在导出 Excel...
2025-11-24 17:26:52 - INFO - [wait_loading] 等待加载控件消失...
2025-11-24 17:26:55 - INFO - [wait_loading] 加载中... 已等待 3s
2025-11-24 17:26:58 - INFO - [wait_loading] 加载中... 已等待 6s
2025-11-24 17:27:01 - INFO - [wait_loading] 加载中... 已等待 9s
2025-11-24 17:27:04 - INFO - [wait_loading] 加载中... 已等待 12s
2025-11-24 17:27:05 - INFO - [wait_loading] 加载完成
2025-11-24 17:27:05 - INFO - 正在导出序时账为 Excel ...
2025-11-24 17:27:10 - INFO - [wait_appear_strict] 开始等待控件出现...
2025-11-24 17:27:27 - INFO - [wait_appear_strict] 等待中... 已等待 15s
2025-11-24 17:27:42 - INFO - [wait_appear_strict] 等待中... 已等待 30s
2025-11-24 17:27:57 - INFO - [wait_appear_strict] 等待中... 已等待 45s
2025-11-24 17:28:12 - INFO - [wait_appear_strict] 等待中... 已等待 60s
2025-11-24 17:28:27 - INFO - [wait_appear_strict] 等待中... 已等待 75s
2025-11-24 17:28:42 - INFO - [wait_appear_strict] 等待中... 已等待 90s
2025-11-24 17:28:57 - INFO - [wait_appear_strict] 等待中... 已等待 105s
2025-11-24 17:29:02 - INFO - [wait_appear_strict] 控件已出现
2025-11-24 17:29:07 - INFO - Excel 已成功保存到：D:\下载\序时帐导出_Excel\序时账_20251124_172710.xlsx
2025-11-24 17:29:07 - INFO - 第 1 段导出完成
2025-11-24 17:29:07 - INFO - 所有查询与导出已完成。
2025-11-24 17:29:07 - INFO - 浏览器将在 5 秒后关闭...
2025-11-24 17:29:13 - INFO - 浏览器已关闭。
2025-11-24 17:29:13 - INFO - 【任务执行完成】
2025-11-24 18:20:46 - INFO - 
2025-11-24 18:20:46 - INFO - 【开始执行任务】
2025-11-24 18:20:46 - INFO - 正在打开控制台网页...
2025-11-24 18:20:57 - INFO - 正在进行登录...
2025-11-24 18:21:03 - INFO - 登录成功！
2025-11-24 18:21:03 - INFO - 正在进入序时账查询页面...
2025-11-24 18:21:07 - INFO - 本次需要执行 2 段查询
2025-11-24 18:21:07 - INFO - 开始第 1 段查询：2024-12-21 至 2024-12-31
2025-11-24 18:21:07 - INFO - 正在筛选账簿列表...
2025-11-24 18:21:13 - WARNING - [safe_click] 第 1/3 次等待失败：未找到元素 query.账簿勾选
2025-11-24 18:21:20 - WARNING - [safe_click] 第 2/3 次等待失败：未找到元素 query.账簿勾选
2025-11-24 18:22:48 - INFO - 
2025-11-24 18:22:48 - INFO - 【开始执行任务】
2025-11-24 18:22:48 - INFO - 正在打开控制台网页...
2025-11-24 18:22:58 - INFO - 正在进行登录...
2025-11-24 18:23:04 - INFO - 登录成功！
2025-11-24 18:23:04 - INFO - 正在进入序时账查询页面...
2025-11-24 18:23:08 - INFO - 本次需要执行 2 段查询
2025-11-24 18:23:08 - INFO - 开始第 1 段查询：2024-12-21 至 2024-12-31
2025-11-24 18:23:08 - INFO - 正在筛选账簿列表...
2025-11-24 18:23:14 - WARNING - [safe_click] 第 1/3 次等待失败：未找到元素 query.账簿勾选
2025-11-24 18:23:21 - WARNING - [safe_click] 第 2/3 次等待失败：未找到元素 query.账簿勾选
2025-11-24 18:23:27 - WARNING - [safe_click] 第 3/3 次等待失败：未找到元素 query.账簿勾选
2025-11-24 18:23:29 - ERROR - 查询序时账失败：[safe_click] 点击失败：无法找到元素 query.账簿勾选，累计尝试 3 次
2025-11-24 18:23:29 - ERROR - [retry] 第 1/3 次执行失败：[safe_click] 点击失败：无法找到元素 query.账簿勾选，累计尝试 3 次
2025-11-24 18:27:07 - INFO - 
2025-11-24 18:27:07 - INFO - 【开始执行任务】
2025-11-24 18:27:07 - INFO - 正在打开控制台网页...
2025-11-24 18:27:14 - INFO - 已在控制台页面，无需登录
2025-11-24 18:27:14 - INFO - 正在进入序时账查询页面...
2025-11-24 18:27:17 - INFO - 本次需要执行 1 段查询
2025-11-24 18:27:17 - INFO - 开始第 1 段查询：2025-09-25 至 2025-11-24
2025-11-24 18:27:17 - INFO - 正在筛选账簿列表...
2025-11-24 18:27:23 - WARNING - [safe_click] 第 1/3 次等待失败：未找到元素 query.账簿勾选
2025-11-24 18:27:30 - WARNING - [safe_click] 第 2/3 次等待失败：未找到元素 query.账簿勾选
2025-11-24 18:31:50 - INFO - 
2025-11-24 18:31:50 - INFO - 【开始执行任务】
2025-11-24 18:31:50 - INFO - 正在打开控制台网页...
2025-11-24 18:31:55 - INFO - 已在控制台页面，无需登录
2025-11-24 18:31:55 - INFO - 正在进入序时账查询页面...
2025-11-24 18:31:59 - INFO - 本次需要执行 1 段查询
2025-11-24 18:31:59 - INFO - 开始第 1 段查询：2025-09-25 至 2025-11-24
2025-11-24 18:31:59 - INFO - 正在筛选账簿列表...
2025-11-24 18:32:11 - INFO - 正在填写查找日期范围...
2025-11-24 18:32:17 - INFO - 正在筛选会计科目...
2025-11-24 18:32:27 - INFO - 正在选择币种...
2025-11-24 18:32:30 - INFO - 正在提交查询...
2025-11-24 18:32:31 - INFO - 查询完成，正在导出 Excel...
2025-11-24 18:32:31 - INFO - [wait_loading] 等待加载控件消失...
2025-11-24 18:32:34 - INFO - [wait_loading] 加载中... 已等待 3s
2025-11-24 18:32:37 - INFO - [wait_loading] 加载中... 已等待 6s
2025-11-24 18:32:40 - INFO - [wait_loading] 加载中... 已等待 9s
2025-11-24 18:32:43 - INFO - [wait_loading] 加载中... 已等待 12s
2025-11-24 18:32:44 - INFO - [wait_loading] 加载完成
2025-11-24 18:32:44 - INFO - 正在导出序时账为 Excel ...
2025-11-24 18:32:49 - INFO - [wait_appear_strict] 开始等待控件出现...
2025-11-24 18:33:06 - INFO - [wait_appear_strict] 等待中... 已等待 15s
2025-11-24 18:33:20 - INFO - [wait_appear_strict] 等待中... 已等待 30s
2025-11-24 18:33:36 - INFO - [wait_appear_strict] 等待中... 已等待 45s
2025-11-24 18:33:50 - INFO - [wait_appear_strict] 等待中... 已等待 60s
2025-11-24 18:34:06 - INFO - [wait_appear_strict] 等待中... 已等待 75s
2025-11-24 18:34:21 - INFO - [wait_appear_strict] 等待中... 已等待 90s
2025-11-24 18:34:35 - INFO - [wait_appear_strict] 控件已出现
2025-11-24 18:34:41 - INFO - Excel 已成功保存到：D:\下载\序时帐导出_Excel\序时账_20251124_183249.xlsx
2025-11-24 18:34:41 - INFO - 第 1 段导出完成
2025-11-24 18:34:41 - INFO - 所有查询与导出已完成。
2025-11-24 18:34:41 - INFO - 浏览器将在 5 秒后关闭...
2025-11-24 18:34:47 - INFO - 浏览器已关闭。
2025-11-24 18:34:47 - INFO - 【任务执行结束】
2025-11-24 18:46:16 - INFO - 
2025-11-24 18:46:16 - INFO - 【开始执行任务】
2025-11-24 18:46:16 - INFO - 正在打开控制台网页...
2025-11-24 18:46:21 - INFO - 已在控制台页面，无需登录
2025-11-24 18:46:21 - INFO - 【任务执行结束】
2025-11-24 18:46:33 - INFO - 
2025-11-24 18:46:33 - INFO - 【开始执行任务】
2025-11-24 18:46:33 - INFO - 正在打开控制台网页...
2025-11-24 18:46:40 - INFO - 正在进行登录...
2025-11-24 18:46:46 - INFO - [wait_loading] 等待加载控件消失...
2025-11-24 18:46:47 - INFO - [wait_loading] 加载完成
2025-11-24 18:46:47 - INFO - 登录成功！
2025-11-24 18:46:47 - INFO - 【任务执行结束】
2025-11-24 18:52:22 - INFO - 
2025-11-24 18:52:22 - INFO - 【开始执行任务】
2025-11-24 18:52:22 - INFO - 正在打开控制台网页...
2025-11-24 18:52:27 - INFO - 已在控制台页面，无需登录
2025-11-24 18:52:27 - INFO - 【任务执行结束】
2025-11-24 18:55:12 - INFO - 
2025-11-24 18:55:12 - INFO - 【开始执行任务】
2025-11-24 18:55:12 - INFO - 正在打开控制台网页...
2025-11-24 18:55:17 - INFO - 正在进行登录...
2025-11-24 18:55:23 - INFO - [wait_loading] 等待加载控件消失...
2025-11-24 18:55:24 - INFO - [wait_loading] 加载完成
2025-11-24 18:55:24 - INFO - 登录成功！
2025-11-24 18:55:24 - INFO - 【任务执行结束】
